\BOOKMARK [0][-]{chapter.1}{Introduction}{}% 1
\BOOKMARK [1][-]{section.1.1}{Motivation}{chapter.1}% 2
\BOOKMARK [1][-]{section.1.2}{Our Contribution}{chapter.1}% 3
\BOOKMARK [1][-]{section.1.3}{Organization}{chapter.1}% 4
\BOOKMARK [0][-]{chapter.2}{Related Work}{}% 5
\BOOKMARK [1][-]{section.2.1}{Algorithmic Stock Trading}{chapter.2}% 6
\BOOKMARK [1][-]{section.2.2}{Sentiment Analysis, Twitter, and Stock Trading}{chapter.2}% 7
\BOOKMARK [2][-]{subsection.2.2.1}{Sentiment Analysis Application to Machine Learning and Classification}{section.2.2}% 8
\BOOKMARK [2][-]{subsection.2.2.2}{Past Examinations of Sentiment and Stock Trading}{section.2.2}% 9
\BOOKMARK [2][-]{subsection.2.2.3}{Past Examinations of Twitter as a valid means of Stock Trading}{section.2.2}% 10
\BOOKMARK [0][-]{chapter.3}{Stock Trading Preliminaries}{}% 11
\BOOKMARK [1][-]{section.3.1}{Stock Trading}{chapter.3}% 12
\BOOKMARK [0][-]{chapter.4}{Examination of Trading Algorithms}{}% 13
\BOOKMARK [1][-]{section.4.1}{Data}{chapter.4}% 14
\BOOKMARK [1][-]{section.4.2}{Momentum Trading Strategies}{chapter.4}% 15
\BOOKMARK [2][-]{subsection.4.2.1}{Simple Moving Average}{section.4.2}% 16
\BOOKMARK [2][-]{subsection.4.2.2}{Expected Moving Average}{section.4.2}% 17
\BOOKMARK [2][-]{subsection.4.2.3}{Bollinger Bands}{section.4.2}% 18
\BOOKMARK [2][-]{subsection.4.2.4}{RSI - Relative Strength Index}{section.4.2}% 19
\BOOKMARK [2][-]{subsection.4.2.5}{Combining Momentum Indicators - RSI and Moving Average Convergence-Divergence \(MACD\)}{section.4.2}% 20
\BOOKMARK [1][-]{section.4.3}{Pairs Trading - Arbitrage and Mean Reversion}{chapter.4}% 21
\BOOKMARK [0][-]{chapter.5}{Experimental Results of Standard Algorithms}{}% 22
\BOOKMARK [1][-]{section.5.1}{Momentum Strategies}{chapter.5}% 23
\BOOKMARK [1][-]{section.5.2}{Combination Momentum Strategies}{chapter.5}% 24
\BOOKMARK [1][-]{section.5.3}{Pairs Trading}{chapter.5}% 25
\BOOKMARK [0][-]{chapter.6}{Twitter Sentiment and Stock Trading}{}% 26
\BOOKMARK [1][-]{section.6.1}{Twitter Data and Aggregation}{chapter.6}% 27
\BOOKMARK [1][-]{section.6.2}{Statistical Approach}{chapter.6}% 28
\BOOKMARK [1][-]{section.6.3}{Stock Trading and Machine Learning Algorithms}{chapter.6}% 29
\BOOKMARK [2][-]{subsection.6.3.1}{Trees}{section.6.3}% 30
\BOOKMARK [2][-]{subsection.6.3.2}{Other Classifiers}{section.6.3}% 31
\BOOKMARK [2][-]{subsection.6.3.3}{Deep Learning}{section.6.3}% 32
\BOOKMARK [1][-]{section.6.4}{Models with Different Features applying Machine Learning Algorithms}{chapter.6}% 33
\BOOKMARK [2][-]{subsection.6.4.1}{Simplistic Features}{section.6.4}% 34
\BOOKMARK [2][-]{subsection.6.4.2}{Complex Features}{section.6.4}% 35
\BOOKMARK [2][-]{subsection.6.4.3}{Stacked Features}{section.6.4}% 36
\BOOKMARK [2][-]{subsection.6.4.4}{Deep Learning}{section.6.4}% 37
\BOOKMARK [0][-]{chapter.7}{Twitter Sentiment Results}{}% 38
\BOOKMARK [1][-]{section.7.1}{Basic Model}{chapter.7}% 39
\BOOKMARK [1][-]{section.7.2}{Extended Model}{chapter.7}% 40
\BOOKMARK [1][-]{section.7.3}{Stacking Model}{chapter.7}% 41
\BOOKMARK [1][-]{section.7.4}{Deep Learning Model}{chapter.7}% 42
\BOOKMARK [0][-]{chapter.8}{Conclusion}{}% 43
\BOOKMARK [1][-]{section.8.1}{Contributions}{chapter.8}% 44
\BOOKMARK [1][-]{section.8.2}{Future Work}{chapter.8}% 45
\BOOKMARK [0][-]{chapter.9}{Appendix}{}% 46
\BOOKMARK [1][-]{section.9.1}{Implementation}{chapter.9}% 47
\BOOKMARK [2][-]{subsection.9.1.1}{SMA}{section.9.1}% 48
\BOOKMARK [2][-]{subsection.9.1.2}{EMA}{section.9.1}% 49
\BOOKMARK [2][-]{subsection.9.1.3}{Bollinger Bands}{section.9.1}% 50
\BOOKMARK [2][-]{subsection.9.1.4}{RSI}{section.9.1}% 51
\BOOKMARK [2][-]{subsection.9.1.5}{Combination Momentum Strategies}{section.9.1}% 52
\BOOKMARK [2][-]{subsection.9.1.6}{Pairs Trading}{section.9.1}% 53
